week13/PhotoCaptureTest_sample/PhotoCaptureTest/app/build/intermediates/manifest_merge_blame_file/debug/manifest-merger-blame-debug-report.txt
1<?xml version="1.0" encoding="utf-8"?>
2<manifest xmlns:android="http://schemas.android.com/apk/res/android"
3    package="ddwu.com.mobile.multimedia.photo.photocapturetest"
4    android:versionCode="1"
5    android:versionName="1.0" >
6
7    <uses-sdk
8        android:minSdkVersion="23"
8-->src\main\AndroidManifest.xml
9        android:targetSdkVersion="31" />
9-->src\main\AndroidManifest.xml
10
11    <!-- 기기에 카메라가 있을 경우에만 palystore 에서 다운받도록 지정 -->
12    <uses-feature
12-->src\main\AndroidManifest.xml:6:5-7:45
13        android:name="android.hardware.camera"
13-->src\main\AndroidManifest.xml:6:19-57
14        android:required="true" />
14-->src\main\AndroidManifest.xml:7:19-42
15
16    <!-- &lt;!&ndash;촬영 사진을 기기의 공용 외부저장소에 저장할 경우 필요 -->
17    <!-- 앱의 전용 내/외부저장소에 저장할 경우 불필요 : Android 4.3 이상일 경우 -->
18    <!-- <uses-permission android:name="android.permission.WRITE_EXTERNAL_STORAGE" /> -->
19    <application
19-->src\main\AndroidManifest.xml:13:5-43:19
20        android:allowBackup="true"
20-->src\main\AndroidManifest.xml:14:9-35
21        android:appComponentFactory="androidx.core.app.CoreComponentFactory"
21-->[androidx.core:core:1.3.0] AndroidManifest.xml:24:18-86
22        android:debuggable="true"
23        android:extractNativeLibs="false"
24        android:icon="@mipmap/ic_launcher"
24-->src\main\AndroidManifest.xml:15:9-43
25        android:label="@string/app_name"
25-->src\main\AndroidManifest.xml:16:9-41
26        android:roundIcon="@mipmap/ic_launcher_round"
26-->src\main\AndroidManifest.xml:17:9-54
27        android:supportsRtl="true"
27-->src\main\AndroidManifest.xml:18:9-35
28        android:testOnly="true"
29        android:theme="@style/AppTheme" >
29-->src\main\AndroidManifest.xml:19:9-40
30
31        <!-- 외부의 앱이 내 앱의 파일을 접근할 수 있도록 FileProvider 지정 -->
32        <!-- android:authorities 는 식별을 위해 앱의 패키지명과 조합하여 지정 -->
33        <provider
33-->src\main\AndroidManifest.xml:24:9-32:20
34            android:name="androidx.core.content.FileProvider"
34-->src\main\AndroidManifest.xml:25:13-62
35            android:authorities="ddwu.com.mobile.multimedia.photo.photocapturetest.fileprovider"
35-->src\main\AndroidManifest.xml:26:13-97
36            android:exported="false"
36-->src\main\AndroidManifest.xml:27:13-37
37            android:grantUriPermissions="true" >
37-->src\main\AndroidManifest.xml:28:13-47
38            <meta-data
38-->src\main\AndroidManifest.xml:29:13-31:64
39                android:name="android.support.FILE_PROVIDER_PATHS"
39-->src\main\AndroidManifest.xml:30:17-67
40                android:resource="@xml/file_paths" />
40-->src\main\AndroidManifest.xml:31:17-51
41        </provider>
42
43        <activity
43-->src\main\AndroidManifest.xml:35:9-42:20
44            android:name="ddwu.com.mobile.multimedia.photo.photocapturetest.MainActivity"
44-->src\main\AndroidManifest.xml:35:19-47
45            android:exported="true" >
45-->src\main\AndroidManifest.xml:36:13-36
46            <intent-filter>
46-->src\main\AndroidManifest.xml:37:13-41:29
47                <action android:name="android.intent.action.MAIN" />
47-->src\main\AndroidManifest.xml:38:17-69
47-->src\main\AndroidManifest.xml:38:25-66
48
49                <category android:name="android.intent.category.LAUNCHER" />
49-->src\main\AndroidManifest.xml:40:17-77
49-->src\main\AndroidManifest.xml:40:27-74
50            </intent-filter>
51        </activity>
52    </application>
53
54</manifest>